<?xml version="1.0" encoding="UTF-8"?>
<!-- Generated by org.testng.reporters.JUnitXMLReporter -->
<testsuite hostname="NCS-PC" ignored="0" name="default" tests="4" failures="0" timestamp="2020-09-15T00:22:50 IST" time="22.536" errors="0">
  <testcase name="openbrowser" time="2.758" classname="First1.Parameter"/>
  <testcase name="Enterurl" time="14.46" classname="First1.Parameter"/>
  <testcase name="datatitle" time="0.219" classname="First1.Parameter"/>
  <testcase name="taskcomplete" time="5.088" classname="First1.Parameter"/>
</testsuite> <!-- default -->
