<?xml version="1.0" encoding="UTF-8"?>
<!-- Generated by org.testng.reporters.JUnitXMLReporter -->
<testsuite hostname="NCS-PC" ignored="0" name="Default test" tests="3" failures="0" timestamp="2020-09-15T00:13:12 IST" time="51.181" errors="0">
  <testcase name="google" time="18.73" classname="First1.Priority_demo"/>
  <testcase name="Quickyes" time="11.682" classname="First1.Priority_demo"/>
  <testcase name="facebook" time="20.712" classname="First1.Priority_demo"/>
</testsuite> <!-- Default test -->
