<?xml version="1.0" encoding="UTF-8"?>
<!-- Generated by org.testng.reporters.JUnitXMLReporter -->
<testsuite hostname="NCS-PC" ignored="6" name="Desktop" tests="4" failures="0" timestamp="2020-09-14T00:03:41 IST" time="0.087" errors="0">
  <testcase name="Facebook" time="0.014" classname="First1.day1"/>
  <testcase name="Instagram" time="0.002" classname="First1.day1"/>
  <testcase name="WhatsupChecking" time="0.002" classname="First1.day1"/>
  <testcase name="Hike" time="0.002" classname="First1.day3"/>
  <testcase name="Excel" time="0.0" classname="First1.day3">
    <ignored/>
  </testcase> <!-- Excel -->
  <testcase name="World" time="0.0" classname="First1.day3">
    <ignored/>
  </testcase> <!-- World -->
  <testcase name="ApiLogin" time="0.0" classname="First1.day3">
    <ignored/>
  </testcase> <!-- ApiLogin -->
  <testcase name="MobileSendingMessage" time="0.0" classname="First1.day1">
    <ignored/>
  </testcase> <!-- MobileSendingMessage -->
  <testcase name="ApiLogout" time="0.0" classname="First1.day3">
    <ignored/>
  </testcase> <!-- ApiLogout -->
  <testcase name="Data" time="0.0" classname="First1.day3">
    <ignored/>
  </testcase> <!-- Data -->
</testsuite> <!-- Desktop -->
