<?xml version="1.0" encoding="UTF-8"?>
<!-- Generated by org.testng.reporters.JUnitXMLReporter -->
<testsuite hostname="NCS-PC" ignored="2" name="Mobile" tests="3" failures="0" timestamp="2020-09-14T00:03:41 IST" time="0.009" errors="0">
  <testcase name="WebFacebook" time="0.001" classname="First1.day2"/>
  <testcase name="WebWhatsup" time="0.001" classname="First1.day2"/>
  <testcase name="MobileLoginHomeLoan" time="0.001" classname="First2.day4"/>
  <testcase name="WebLogout" time="0.0" classname="First1.day2">
    <ignored/>
  </testcase> <!-- WebLogout -->
  <testcase name="WebLogin" time="0.0" classname="First1.day2">
    <ignored/>
  </testcase> <!-- WebLogin -->
</testsuite> <!-- Mobile -->
